<?xml version="1.0" encoding="UTF-8"?>
<!-- Generated by org.testng.reporters.JUnitReportReporter -->
<testsuite hostname="LAPTOP-ML2SKBKT" failures="0" tests="4" name="api.test.UserTests" time="5.797" errors="0" timestamp="2023-03-21T12:48:15 IST" skipped="0">
  <testcase classname="api.test.UserTests" name="testPostUser" time="1.229"/>
  <system-out/>
  <testcase classname="api.test.UserTests" name="testGetUser" time="1.118"/>
  <system-out/>
  <testcase classname="api.test.UserTests" name="testUpdateUserByName" time="2.317"/>
  <system-out/>
  <testcase classname="api.test.UserTests" name="testDeleteUserByName" time="1.133"/>
  <system-out/>
</testsuite> <!-- api.test.UserTests -->
