<?xml version="1.0" encoding="UTF-8"?>
<!-- Generated by org.testng.reporters.JUnitReportReporter -->
<testsuite hostname="LAPTOP-ML2SKBKT" failures="0" tests="4" name="api.test.UserTests2" time="5.997" errors="0" timestamp="2023-03-21T12:48:15 IST" skipped="0">
  <testcase classname="api.test.UserTests2" name="testPostUser" time="1.148"/>
  <system-out/>
  <testcase classname="api.test.UserTests2" name="testGetUser" time="1.238"/>
  <system-out/>
  <testcase classname="api.test.UserTests2" name="testUpdateUserByName" time="2.456"/>
  <system-out/>
  <testcase classname="api.test.UserTests2" name="testDeleteUserByName" time="1.155"/>
  <system-out/>
</testsuite> <!-- api.test.UserTests2 -->
