<?xml version="1.0" encoding="UTF-8"?>
<!-- Generated by org.testng.reporters.JUnitReportReporter -->
<testsuite hostname="LAPTOP-ML2SKBKT" failures="0" tests="4" name="api.test.UserTests" time="6.110" errors="0" timestamp="2023-03-22T20:27:26 IST" skipped="0">
  <testcase classname="api.test.UserTests" name="testPostUser" time="1.215"/>
  <system-out/>
  <testcase classname="api.test.UserTests" name="testGetUser" time="1.263"/>
  <system-out/>
  <testcase classname="api.test.UserTests" name="testUpdateUserByName" time="2.412"/>
  <system-out/>
  <testcase classname="api.test.UserTests" name="testDeleteUserByName" time="1.220"/>
  <system-out/>
</testsuite> <!-- api.test.UserTests -->
