<?xml version="1.0" encoding="UTF-8"?>
<!-- Generated by org.testng.reporters.JUnitReportReporter -->
<testsuite hostname="LAPTOP-ML2SKBKT" failures="0" tests="4" name="api.test.UserTests2" time="6.122" errors="0" timestamp="2023-03-22T20:27:26 IST" skipped="0">
  <testcase classname="api.test.UserTests2" name="testPostUser" time="1.327"/>
  <system-out/>
  <testcase classname="api.test.UserTests2" name="testGetUser" time="1.118"/>
  <system-out/>
  <testcase classname="api.test.UserTests2" name="testUpdateUserByName" time="2.379"/>
  <system-out/>
  <testcase classname="api.test.UserTests2" name="testDeleteUserByName" time="1.298"/>
  <system-out/>
</testsuite> <!-- api.test.UserTests2 -->
